Base path: /Volumes/Seagate Backup Plus Drive/Applications/Unity.localized/Unity.app/Contents
Pipe name: \\.\pipe\UnityShaderCompiler-64bit-1-2012439296
Cmd: getPlatforms
Cmd: preprocess
  insize=455 outsize=1500 ok=1
Cmd: compileSnippet
  api=0 type=0 insize=6810 outsize=2287 kw=DIRECTIONAL SHADOWS_OFF LIGHTMAP_OFF DIRLIGHTMAP_OFF DYNAMICLIGHTMAP_OFF ok=1
Cmd: compileSnippet
  api=0 type=1 insize=6810 outsize=6 kw=DIRECTIONAL SHADOWS_OFF LIGHTMAP_OFF DIRLIGHTMAP_OFF DYNAMICLIGHTMAP_OFF ok=1
Cmd: compileSnippet
  api=0 type=0 insize=3647 outsize=1807 kw=POINT ok=1
Cmd: compileSnippet
  api=0 type=1 insize=3647 outsize=6 kw=POINT ok=1
Cmd: compileSnippet
  api=0 type=0 insize=2805 outsize=965 kw= ok=1
Cmd: compileSnippet
  api=0 type=1 insize=2805 outsize=6 kw= ok=1
Cmd: compileSnippet
  api=0 type=0 insize=5974 outsize=2720 kw=LIGHTMAP_OFF DIRLIGHTMAP_OFF DYNAMICLIGHTMAP_OFF HDR_LIGHT_PREPASS_OFF ok=1
Cmd: compileSnippet
  api=0 type=1 insize=5974 outsize=6 kw=LIGHTMAP_OFF DIRLIGHTMAP_OFF DYNAMICLIGHTMAP_OFF HDR_LIGHT_PREPASS_OFF ok=1
Cmd: compileSnippet
  api=0 type=0 insize=5928 outsize=2632 kw=LIGHTMAP_OFF DIRLIGHTMAP_OFF DYNAMICLIGHTMAP_OFF HDR_LIGHT_PREPASS_OFF ok=1
Cmd: compileSnippet
  api=0 type=1 insize=5928 outsize=6 kw=LIGHTMAP_OFF DIRLIGHTMAP_OFF DYNAMICLIGHTMAP_OFF HDR_LIGHT_PREPASS_OFF ok=1
Cmd: compileSnippet
  api=0 type=0 insize=2996 outsize=2368 kw= ok=1
Cmd: compileSnippet
  api=0 type=1 insize=2996 outsize=6 kw= ok=1
Cmd: compileSnippet
  api=0 type=0 insize=990 outsize=450 kw= ok=1
Cmd: compileSnippet
  api=0 type=1 insize=990 outsize=6 kw= ok=1
Cmd: compileSnippet
  api=0 type=0 insize=541 outsize=1880 kw=SHADOWS_DEPTH ok=1
Cmd: compileSnippet
  api=0 type=1 insize=541 outsize=6 kw=SHADOWS_DEPTH ok=1
Cmd: compileSnippet
  api=0 type=0 insize=6810 outsize=2287 kw=DIRECTIONAL SHADOWS_OFF LIGHTMAP_OFF DIRLIGHTMAP_OFF DYNAMICLIGHTMAP_OFF ok=1
Cmd: compileSnippet
  api=0 type=1 insize=6810 outsize=6 kw=DIRECTIONAL SHADOWS_OFF LIGHTMAP_OFF DIRLIGHTMAP_OFF DYNAMICLIGHTMAP_OFF ok=1
Cmd: compileSnippet
  api=0 type=0 insize=3647 outsize=1476 kw=DIRECTIONAL ok=1
Cmd: compileSnippet
  api=0 type=1 insize=3647 outsize=6 kw=DIRECTIONAL ok=1
Cmd: compileSnippet
  api=0 type=0 insize=3647 outsize=1476 kw=DIRECTIONAL ok=1
Cmd: compileSnippet
  api=0 type=1 insize=3647 outsize=6 kw=DIRECTIONAL ok=1
Cmd: compileSnippet
  api=0 type=0 insize=9591 outsize=6366 kw=UNITY_COLORSPACE_GAMMA ok=1
Cmd: compileSnippet
  api=0 type=1 insize=9591 outsize=6 kw=UNITY_COLORSPACE_GAMMA ok=1
